{
  "RSpec": {
    "coverage": {
      "/Users/kosei.nishi/Documents/program/Rudy/private/rails_projects/ruby_study/spec/support/utilities.rb": [
        1,
        null,
        1,
        288,
        288,
        103,
        null,
        185,
        null,
        null,
        null,
        1,
        67,
        null,
        8,
        8,
        8,
        null,
        59,
        59,
        59,
        59,
        null,
        null,
        null,
        null,
        1,
        1,
        1,
        null,
        null,
        null,
        1,
        1,
        1,
        null,
        null,
        null
      ],
      "/Users/kosei.nishi/Documents/program/Rudy/private/rails_projects/ruby_study/app/controllers/relationships_controller.rb": [
        1,
        1,
        null,
        1,
        5,
        5,
        5,
        8,
        5,
        null,
        null,
        null,
        1,
        5,
        5,
        5,
        8,
        5,
        null,
        null,
        null
      ],
      "/Users/kosei.nishi/Documents/program/Rudy/private/rails_projects/ruby_study/app/controllers/application_controller.rb": [
        1,
        null,
        null,
        1,
        null,
        1,
        null,
        1,
        null
      ],
      "/Users/kosei.nishi/Documents/program/Rudy/private/rails_projects/ruby_study/spec/features/static_pages_spec.rb": [
        null,
        null,
        null,
        null,
        null,
        null,
        null,
        null,
        null,
        null,
        null,
        null,
        null,
        null,
        null,
        null,
        null,
        null,
        null,
        null,
        null,
        null,
        null,
        null,
        null,
        null,
        null,
        null,
        null,
        null,
        null,
        null,
        null,
        null,
        null,
        null,
        null,
        null,
        null,
        null,
        null,
        null,
        null,
        null,
        null,
        null,
        null,
        null,
        null,
        null,
        null,
        null,
        null,
        null,
        null,
        null,
        null,
        null,
        null,
        null,
        null,
        null,
        null,
        null,
        null,
        null,
        null,
        null,
        null
      ],
      "/Users/kosei.nishi/Documents/program/Rudy/private/rails_projects/ruby_study/spec/features/user_pages_spec.rb": [
        null,
        null,
        null,
        null,
        null,
        null,
        null,
        null,
        null,
        null,
        null,
        null,
        null,
        null,
        null,
        null,
        null,
        null,
        null,
        null,
        null
      ],
      "/Users/kosei.nishi/Documents/program/Rudy/private/rails_projects/ruby_study/spec/helpers/application_helper_spec.rb": [
        null,
        1,
        null,
        1,
        null,
        1,
        1,
        1,
        null,
        null,
        1,
        1,
        null,
        null,
        1,
        1,
        null,
        null,
        null
      ],
      "/Users/kosei.nishi/Documents/program/Rudy/private/rails_projects/ruby_study/spec/models/api_key_spec.rb": [
        1
      ],
      "/Users/kosei.nishi/Documents/program/Rudy/private/rails_projects/ruby_study/spec/models/messages_spec.rb": [
        1,
        null,
        null,
        1,
        null,
        11,
        11,
        1,
        10,
        10,
        10,
        null,
        null,
        11,
        null,
        2,
        2,
        2,
        null,
        2,
        2,
        null,
        2,
        null,
        1,
        2,
        2,
        null,
        null,
        1,
        2,
        2,
        null,
        null,
        1,
        2,
        2,
        null,
        null,
        1,
        2,
        2,
        null,
        null,
        null
      ],
      "/Users/kosei.nishi/Documents/program/Rudy/private/rails_projects/ruby_study/app/models/message.rb": [
        1,
        1,
        1,
        null,
        74,
        null,
        1,
        1,
        1,
        null,
        1,
        11,
        null,
        null
      ],
      "/Users/kosei.nishi/Documents/program/Rudy/private/rails_projects/ruby_study/spec/models/micropost_spec.rb": [
        1,
        null,
        null,
        1,
        9,
        9,
        null,
        9,
        null,
        2,
        2,
        2,
        2,
        null,
        2,
        null,
        1,
        2,
        2,
        null,
        null,
        1,
        2,
        2,
        null,
        null,
        1,
        2,
        2,
        null,
        null
      ],
      "/Users/kosei.nishi/Documents/program/Rudy/private/rails_projects/ruby_study/app/models/micropost.rb": [
        1,
        1,
        1,
        null,
        513,
        86,
        null,
        null,
        1,
        1,
        null,
        null,
        null,
        1,
        85,
        null,
        85,
        null,
        null,
        null
      ],
      "/Users/kosei.nishi/Documents/program/Rudy/private/rails_projects/ruby_study/spec/models/relationship_spec.rb": [
        1,
        null,
        1,
        null,
        8,
        8,
        8,
        null,
        8,
        null,
        2,
        null,
        1,
        2,
        2,
        2,
        2,
        null,
        null,
        1,
        2,
        2,
        null,
        null,
        1,
        2,
        2,
        null,
        null
      ],
      "/Users/kosei.nishi/Documents/program/Rudy/private/rails_projects/ruby_study/app/models/relationship.rb": [
        1,
        1,
        1,
        1,
        1,
        null
      ],
      "/Users/kosei.nishi/Documents/program/Rudy/private/rails_projects/ruby_study/spec/models/user_spec.rb": [
        1,
        null,
        1,
        null,
        1,
        49,
        null,
        null,
        null,
        43,
        null,
        2,
        2,
        2,
        2,
        2,
        2,
        2,
        2,
        2,
        2,
        2,
        2,
        2,
        2,
        2,
        null,
        2,
        2,
        null,
        2,
        2,
        null,
        1,
        1,
        1,
        1,
        null,
        null,
        2,
        null,
        null,
        1,
        2,
        2,
        null,
        null,
        1,
        2,
        2,
        null,
        null,
        1,
        1,
        1,
        null,
        1,
        5,
        5,
        null,
        null,
        null,
        null,
        1,
        1,
        1,
        1,
        4,
        4,
        null,
        null,
        null,
        null,
        1,
        1,
        null,
        1,
        null,
        1,
        1,
        null,
        null,
        2,
        null,
        null,
        1,
        2,
        null,
        1,
        1,
        1,
        1,
        null,
        null,
        null,
        1,
        1,
        1,
        null,
        null,
        2,
        null,
        null,
        1,
        2,
        2,
        null,
        null,
        1,
        2,
        2,
        null,
        null,
        1,
        2,
        2,
        null,
        null,
        1,
        2,
        2,
        null,
        null,
        1,
        2,
        2,
        null,
        null,
        1,
        2,
        2,
        null,
        null,
        1,
        4,
        4,
        null,
        1,
        2,
        null,
        null,
        1,
        3,
        null,
        2,
        null,
        2,
        null,
        null,
        null,
        1,
        2,
        null,
        1,
        1,
        1,
        1,
        null,
        null,
        null,
        1,
        2,
        null,
        null,
        null,
        2,
        null,
        null,
        1,
        7,
        null,
        1,
        6,
        null,
        1,
        6,
        null,
        null,
        1,
        1,
        null,
        null,
        1,
        1,
        1,
        1,
        1,
        2,
        null,
        null,
        null,
        1,
        1,
        1,
        null,
        5,
        null,
        1,
        4,
        16,
        null,
        null,
        2,
        2,
        2,
        1,
        1,
        3,
        null,
        null,
        null,
        null,
        null,
        1,
        6,
        1,
        5,
        null,
        5,
        null,
        null,
        2,
        2,
        null,
        1,
        2,
        2,
        null,
        null,
        1,
        3,
        null,
        2,
        2,
        null,
        null,
        null
      ],
      "/Users/kosei.nishi/Documents/program/Rudy/private/rails_projects/ruby_study/app/models/user.rb": [
        1,
        1,
        1,
        1,
        1,
        null,
        1,
        null,
        null,
        1,
        null,
        1,
        1,
        null,
        318,
        1,
        null,
        1,
        1,
        null,
        null,
        1,
        1,
        1,
        1,
        null,
        null,
        1,
        null,
        1,
        283,
        null,
        null,
        1,
        2214,
        null,
        null,
        1,
        null,
        null,
        85,
        null,
        null,
        null,
        null,
        null,
        1,
        14,
        null,
        null,
        1,
        27,
        null,
        null,
        1,
        7,
        null,
        null,
        1,
        null,
        1,
        211,
        null,
        null
      ],
      "/Users/kosei.nishi/Documents/program/Rudy/private/rails_projects/ruby_study/spec/requests/authentication_pages_spec.rb": [
        1,
        null,
        1,
        18,
        null,
        1,
        11,
        null,
        null,
        1,
        2,
        2,
        2,
        null,
        null,
        1,
        8,
        null,
        8,
        null,
        null,
        2,
        null,
        null,
        null,
        2,
        2,
        2,
        2,
        null,
        2,
        null,
        null,
        1,
        2,
        null,
        2,
        null,
        null,
        null,
        null,
        null,
        1,
        4,
        null,
        1,
        4,
        null,
        2,
        null,
        null,
        2,
        null,
        1,
        2,
        null,
        2,
        null,
        null,
        null,
        null,
        1,
        1,
        6,
        null,
        1,
        1,
        1,
        1,
        null,
        null,
        1,
        1,
        1,
        null,
        null,
        null,
        null,
        1,
        null,
        1,
        2,
        2,
        null,
        null,
        1,
        2,
        2,
        null,
        null,
        null,
        1,
        null,
        1,
        2,
        null,
        2,
        null,
        null,
        1,
        2,
        2,
        null,
        null,
        1,
        2,
        2,
        null,
        null,
        1,
        2,
        2,
        null,
        null,
        1,
        2,
        2,
        null,
        null,
        null,
        1,
        2,
        2,
        null,
        2,
        null,
        1,
        2,
        2,
        null,
        null,
        null,
        1,
        1,
        2,
        2,
        null,
        null,
        1,
        2,
        2,
        null,
        null,
        null,
        null,
        1,
        4,
        4,
        4,
        null,
        1,
        3,
        2,
        2,
        null,
        null,
        1,
        2,
        2,
        null,
        null,
        null,
        null
      ],
      "/Users/kosei.nishi/Documents/program/Rudy/private/rails_projects/ruby_study/spec/requests/message_pages_spec.rb": [
        1,
        null,
        1,
        null,
        3,
        null,
        6,
        6,
        1,
        5,
        null,
        null,
        1,
        2,
        null,
        2,
        null,
        null,
        1,
        1,
        4,
        4,
        4,
        null,
        null,
        1,
        null,
        1,
        2,
        null,
        null,
        1,
        2,
        2,
        null,
        null,
        null,
        1,
        null,
        3,
        1,
        2,
        null,
        null,
        1,
        1,
        2,
        null,
        null,
        null,
        null,
        null
      ],
      "/Users/kosei.nishi/Documents/program/Rudy/private/rails_projects/ruby_study/spec/requests/micropost_pages_spec.rb": [
        1,
        null,
        1,
        null,
        6,
        null,
        9,
        9,
        null,
        1,
        8,
        null,
        1,
        null,
        1,
        2,
        null,
        null,
        1,
        2,
        2,
        null,
        null,
        null,
        1,
        null,
        2,
        1,
        2,
        null,
        null,
        null,
        1,
        2,
        1,
        1,
        1,
        1,
        1,
        1,
        1,
        null,
        null,
        2,
        null,
        null,
        1,
        4,
        1,
        3,
        3,
        3,
        3,
        null,
        null,
        2,
        null,
        1,
        3,
        2,
        2,
        null,
        null,
        null,
        null,
        1,
        2,
        null,
        1,
        2,
        null,
        1,
        2,
        null,
        null,
        null,
        null
      ],
      "/Users/kosei.nishi/Documents/program/Rudy/private/rails_projects/ruby_study/spec/requests/static_pages_spec.rb": [
        1,
        1,
        12,
        null,
        1,
        8,
        8,
        null,
        null,
        1,
        7,
        2,
        2,
        null,
        2,
        1,
        null,
        null,
        1,
        4,
        1,
        3,
        3,
        3,
        3,
        null,
        null,
        1,
        1,
        2,
        null,
        null,
        null,
        null,
        1,
        3,
        1,
        2,
        2,
        null,
        null,
        2,
        2,
        null,
        null,
        null,
        null,
        1,
        3,
        2,
        2,
        null,
        1,
        null,
        null,
        1,
        3,
        2,
        2,
        null,
        1,
        null,
        null,
        null,
        1,
        3,
        2,
        2,
        null,
        1,
        null,
        null,
        1,
        1,
        1,
        1,
        1,
        1,
        1,
        1,
        1,
        1,
        1,
        1,
        1,
        null,
        null,
        null
      ],
      "/Users/kosei.nishi/Documents/program/Rudy/private/rails_projects/ruby_study/spec/requests/user_pages_spec.rb": [
        1,
        null,
        1,
        36,
        null,
        1,
        9,
        1,
        8,
        8,
        null,
        null,
        2,
        2,
        null,
        1,
        32,
        2,
        null,
        2,
        null,
        1,
        null,
        1,
        30,
        null,
        null,
        null,
        null,
        null,
        1,
        null,
        null,
        2,
        null,
        1,
        4,
        1,
        3,
        3,
        null,
        null,
        2,
        1,
        1,
        null,
        1,
        null,
        null,
        2,
        null,
        null,
        null,
        null,
        null,
        1,
        null,
        12,
        null,
        12,
        null,
        1,
        1,
        2,
        null,
        null,
        null,
        1,
        1,
        5,
        5,
        5,
        5,
        5,
        null,
        null,
        1,
        null,
        2,
        null,
        null,
        1,
        5,
        2,
        null,
        null,
        2,
        2,
        null,
        null,
        2,
        null,
        1,
        2,
        null,
        null,
        2,
        null,
        null,
        null,
        null,
        1,
        6,
        null,
        2,
        2,
        2,
        2,
        2,
        null,
        null,
        null,
        null,
        1,
        11,
        1,
        10,
        10,
        null,
        null,
        1,
        2,
        2,
        2,
        null,
        null,
        1,
        2,
        null,
        2,
        null,
        null,
        1,
        6,
        6,
        1,
        5,
        5,
        5,
        5,
        5,
        null,
        null,
        2,
        2,
        2,
        2,
        2,
        null,
        null,
        1,
        1,
        1,
        null,
        1,
        1,
        1,
        null,
        2,
        null,
        null,
        null,
        1,
        12,
        null,
        12,
        12,
        null,
        12,
        null,
        2,
        2,
        null,
        1,
        2,
        2,
        null,
        null,
        2,
        null,
        null,
        1,
        7,
        7,
        null,
        1,
        4,
        null,
        1,
        1,
        1,
        null,
        null,
        null,
        1,
        1,
        1,
        null,
        null,
        null,
        1,
        2,
        2,
        null,
        null,
        null,
        1,
        1,
        3,
        3,
        null,
        null,
        1,
        1,
        1,
        null,
        null,
        null,
        1,
        1,
        1,
        null,
        null,
        null,
        1,
        2,
        2,
        null,
        null,
        null,
        null,
        null,
        1,
        7,
        7,
        7,
        null,
        1,
        1,
        3,
        3,
        null,
        null,
        2,
        2,
        2,
        null,
        null,
        1,
        1,
        3,
        3,
        null,
        null,
        2,
        2,
        2,
        null,
        null,
        null
      ],
      "/Users/kosei.nishi/Documents/program/Rudy/private/rails_projects/ruby_study/app/controllers/sessions_controller.rb": [
        1,
        1,
        null,
        null,
        1,
        null,
        null,
        62,
        62,
        null,
        59,
        59,
        null,
        null,
        3,
        3,
        null,
        null,
        null,
        1,
        1,
        1,
        null,
        null
      ],
      "/Users/kosei.nishi/Documents/program/Rudy/private/rails_projects/ruby_study/app/controllers/static_pages_controller.rb": [
        1,
        1,
        91,
        80,
        80,
        null,
        null,
        null,
        1,
        null,
        null,
        1,
        null,
        null,
        1,
        null,
        null
      ],
      "/Users/kosei.nishi/Documents/program/Rudy/private/rails_projects/ruby_study/app/controllers/users_controller.rb": [
        1,
        null,
        null,
        1,
        1,
        1,
        1,
        null,
        null,
        1,
        14,
        null,
        null,
        1,
        13,
        null,
        null,
        1,
        33,
        33,
        null,
        33,
        33,
        33,
        33,
        null,
        null,
        0,
        null,
        null,
        null,
        1,
        11,
        11,
        5,
        5,
        5,
        null,
        6,
        null,
        null,
        null,
        1,
        1,
        1,
        1,
        null,
        null,
        1,
        null,
        null,
        1,
        null,
        6,
        null,
        5,
        5,
        null,
        1,
        null,
        null,
        null,
        1,
        3,
        3,
        3,
        3,
        null,
        null,
        1,
        3,
        3,
        3,
        3,
        null,
        null,
        1,
        null,
        null,
        1,
        11,
        null,
        null,
        1,
        6,
        null,
        null,
        1,
        20,
        20,
        null,
        null,
        null,
        1,
        2,
        null,
        null
      ],
      "/Users/kosei.nishi/Documents/program/Rudy/private/rails_projects/ruby_study/app/controllers/microposts_controller.rb": [
        1,
        1,
        1,
        null,
        1,
        7,
        7,
        5,
        null,
        2,
        null,
        7,
        null,
        null,
        1,
        1,
        1,
        null,
        null,
        1,
        null,
        1,
        7,
        null,
        null,
        1,
        null,
        1,
        1,
        null,
        null,
        1,
        4,
        null,
        null,
        1,
        7,
        3,
        3,
        null,
        4,
        4,
        4,
        null,
        null,
        null
      ],
      "/Users/kosei.nishi/Documents/program/Rudy/private/rails_projects/ruby_study/app/controllers/messages_controller.rb": [
        1,
        1,
        1,
        null,
        null,
        1,
        11,
        11,
        11,
        2,
        2,
        null,
        null,
        null,
        null,
        1,
        3,
        3,
        1,
        null,
        2,
        null,
        3,
        null,
        null,
        1,
        1,
        1,
        1,
        null,
        null,
        1,
        null,
        1,
        null,
        1,
        1,
        null,
        null,
        1,
        3,
        null,
        null
      ]
    },
    "timestamp": 1435659804
  }
}
