{
  "RSpec": {
    "coverage": {
      "/Users/kosei.nishi/Documents/program/Rudy/private/rails_projects/ruby_study/spec/support/utilities.rb": [
        1,
        null,
        1,
        292,
        292,
        108,
        null,
        184,
        null,
        null,
        null,
        1,
        66,
        null,
        8,
        8,
        8,
        null,
        58,
        58,
        58,
        58,
        null,
        null,
        null,
        null,
        1,
        1,
        1,
        null,
        null,
        null,
        1,
        1,
        1,
        null,
        null,
        null
      ],
      "/Users/kosei.nishi/Documents/program/Rudy/private/rails_projects/ruby_study/app/controllers/conversations_controller.rb": [
        1,
        1,
        null,
        1,
        2,
        null,
        null,
        null,
        null,
        1,
        0,
        0,
        0,
        0,
        0,
        null,
        0,
        0,
        0,
        0,
        null,
        null,
        null,
        null,
        1,
        0,
        0,
        null,
        null,
        null,
        1,
        null,
        1,
        0,
        null,
        null,
        null,
        null,
        1,
        0,
        0,
        null,
        null,
        null,
        null
      ],
      "/Users/kosei.nishi/Documents/program/Rudy/private/rails_projects/ruby_study/app/controllers/application_controller.rb": [
        1,
        null,
        null,
        1,
        null,
        1,
        null,
        1,
        null,
        1,
        null
      ],
      "/Users/kosei.nishi/Documents/program/Rudy/private/rails_projects/ruby_study/spec/controllers/relationships_controller_spec.rb": [
        1,
        null,
        1,
        null,
        5,
        5,
        null,
        5,
        null,
        1,
        null,
        1,
        1,
        1,
        null,
        null,
        null,
        1,
        1,
        1,
        null,
        null,
        null,
        1,
        null,
        3,
        1,
        2,
        null,
        null,
        1,
        1,
        1,
        null,
        null,
        null,
        1,
        1,
        1,
        null,
        null,
        null
      ],
      "/Users/kosei.nishi/Documents/program/Rudy/private/rails_projects/ruby_study/app/controllers/relationships_controller.rb": [
        1,
        1,
        null,
        1,
        5,
        5,
        5,
        8,
        5,
        null,
        null,
        null,
        1,
        5,
        5,
        5,
        8,
        5,
        null,
        null,
        null
      ],
      "/Users/kosei.nishi/Documents/program/Rudy/private/rails_projects/ruby_study/spec/features/static_pages_spec.rb": [
        null,
        null,
        null,
        null,
        null,
        null,
        null,
        null,
        null,
        null,
        null,
        null,
        null,
        null,
        null,
        null,
        null,
        null,
        null,
        null,
        null,
        null,
        null,
        null,
        null,
        null,
        null,
        null,
        null,
        null,
        null,
        null,
        null,
        null,
        null,
        null,
        null,
        null,
        null,
        null,
        null,
        null,
        null,
        null,
        null,
        null,
        null,
        null,
        null,
        null,
        null,
        null,
        null,
        null,
        null,
        null,
        null,
        null,
        null,
        null,
        null,
        null,
        null,
        null,
        null,
        null,
        null,
        null,
        null
      ],
      "/Users/kosei.nishi/Documents/program/Rudy/private/rails_projects/ruby_study/spec/features/user_pages_spec.rb": [
        null,
        null,
        null,
        null,
        null,
        null,
        null,
        null,
        null,
        null,
        null,
        null,
        null,
        null,
        null,
        null,
        null,
        null,
        null,
        null,
        null
      ],
      "/Users/kosei.nishi/Documents/program/Rudy/private/rails_projects/ruby_study/spec/helpers/application_helper_spec.rb": [
        null,
        1,
        null,
        1,
        null,
        1,
        1,
        1,
        null,
        null,
        1,
        1,
        null,
        null,
        1,
        1,
        null,
        null,
        null
      ],
      "/Users/kosei.nishi/Documents/program/Rudy/private/rails_projects/ruby_study/spec/helpers/conversations_helper_spec.rb": [
        1,
        null,
        null,
        null,
        null,
        null,
        null,
        null,
        null,
        null,
        null,
        null,
        1,
        1,
        null
      ],
      "/Users/kosei.nishi/Documents/program/Rudy/private/rails_projects/ruby_study/spec/models/api_key_spec.rb": [
        1
      ],
      "/Users/kosei.nishi/Documents/program/Rudy/private/rails_projects/ruby_study/spec/models/conversation_spec.rb": [
        1,
        null,
        1,
        1,
        null
      ],
      "/Users/kosei.nishi/Documents/program/Rudy/private/rails_projects/ruby_study/app/models/conversation.rb": [
        1,
        1,
        1,
        1,
        1,
        1,
        null,
        20,
        null,
        1,
        2,
        null,
        null,
        null
      ],
      "/Users/kosei.nishi/Documents/program/Rudy/private/rails_projects/ruby_study/spec/models/message_spec.rb": [
        1,
        null,
        null,
        1,
        null,
        11,
        11,
        1,
        10,
        10,
        10,
        null,
        null,
        11,
        null,
        2,
        2,
        2,
        null,
        2,
        2,
        null,
        2,
        null,
        1,
        2,
        2,
        null,
        null,
        1,
        2,
        2,
        null,
        null,
        1,
        2,
        2,
        null,
        null,
        1,
        2,
        2,
        null,
        null,
        null
      ],
      "/Users/kosei.nishi/Documents/program/Rudy/private/rails_projects/ruby_study/app/models/message.rb": [
        1,
        1,
        1,
        1,
        null,
        124,
        null,
        1,
        1,
        1,
        null,
        1,
        19,
        null,
        null,
        1,
        null,
        19,
        19,
        0,
        0,
        null,
        null,
        null,
        null
      ],
      "/Users/kosei.nishi/Documents/program/Rudy/private/rails_projects/ruby_study/spec/models/micropost_spec.rb": [
        1,
        null,
        null,
        1,
        9,
        9,
        null,
        9,
        null,
        2,
        2,
        2,
        2,
        null,
        2,
        null,
        1,
        2,
        2,
        null,
        null,
        1,
        2,
        2,
        null,
        null,
        1,
        2,
        2,
        null,
        null
      ],
      "/Users/kosei.nishi/Documents/program/Rudy/private/rails_projects/ruby_study/app/models/micropost.rb": [
        1,
        1,
        1,
        null,
        501,
        83,
        null,
        null,
        1,
        1,
        null,
        null,
        null,
        1,
        82,
        null,
        82,
        null,
        null,
        null
      ],
      "/Users/kosei.nishi/Documents/program/Rudy/private/rails_projects/ruby_study/spec/models/relationship_spec.rb": [
        1,
        null,
        1,
        null,
        8,
        8,
        8,
        null,
        8,
        null,
        2,
        null,
        1,
        2,
        2,
        2,
        2,
        null,
        null,
        1,
        2,
        2,
        null,
        null,
        1,
        2,
        2,
        null,
        null
      ],
      "/Users/kosei.nishi/Documents/program/Rudy/private/rails_projects/ruby_study/app/models/relationship.rb": [
        1,
        1,
        1,
        1,
        1,
        null
      ],
      "/Users/kosei.nishi/Documents/program/Rudy/private/rails_projects/ruby_study/spec/models/user_spec.rb": [
        1,
        null,
        1,
        null,
        1,
        49,
        null,
        null,
        null,
        43,
        null,
        2,
        2,
        2,
        2,
        2,
        2,
        2,
        2,
        2,
        2,
        2,
        2,
        2,
        2,
        2,
        null,
        2,
        2,
        null,
        2,
        2,
        null,
        1,
        1,
        1,
        1,
        null,
        null,
        2,
        null,
        null,
        1,
        2,
        2,
        null,
        null,
        1,
        2,
        2,
        null,
        null,
        1,
        1,
        1,
        null,
        1,
        5,
        5,
        null,
        null,
        null,
        null,
        1,
        1,
        1,
        1,
        4,
        4,
        null,
        null,
        null,
        null,
        1,
        1,
        null,
        1,
        null,
        1,
        1,
        null,
        null,
        2,
        null,
        null,
        1,
        2,
        null,
        1,
        1,
        1,
        1,
        null,
        null,
        null,
        1,
        1,
        1,
        null,
        null,
        2,
        null,
        null,
        1,
        2,
        2,
        null,
        null,
        1,
        2,
        2,
        null,
        null,
        1,
        2,
        2,
        null,
        null,
        1,
        2,
        2,
        null,
        null,
        1,
        2,
        2,
        null,
        null,
        1,
        2,
        2,
        null,
        null,
        1,
        4,
        4,
        null,
        1,
        2,
        null,
        null,
        1,
        3,
        null,
        2,
        null,
        2,
        null,
        null,
        null,
        1,
        2,
        null,
        1,
        1,
        1,
        1,
        null,
        null,
        null,
        1,
        2,
        null,
        null,
        null,
        2,
        null,
        null,
        1,
        7,
        null,
        1,
        6,
        null,
        1,
        6,
        null,
        null,
        1,
        1,
        null,
        null,
        1,
        1,
        1,
        1,
        1,
        2,
        null,
        null,
        null,
        1,
        1,
        1,
        null,
        5,
        null,
        1,
        4,
        16,
        null,
        null,
        2,
        2,
        2,
        1,
        1,
        3,
        null,
        null,
        null,
        null,
        null,
        1,
        6,
        1,
        5,
        null,
        5,
        null,
        null,
        2,
        2,
        null,
        1,
        2,
        2,
        null,
        null,
        1,
        3,
        null,
        2,
        2,
        null,
        null,
        null
      ],
      "/Users/kosei.nishi/Documents/program/Rudy/private/rails_projects/ruby_study/app/models/user.rb": [
        1,
        1,
        1,
        1,
        1,
        null,
        1,
        null,
        null,
        1,
        null,
        1,
        1,
        1,
        1,
        null,
        313,
        1,
        null,
        1,
        1,
        null,
        null,
        1,
        1,
        1,
        1,
        null,
        null,
        1,
        null,
        1,
        280,
        null,
        null,
        1,
        2250,
        null,
        null,
        1,
        null,
        null,
        82,
        null,
        null,
        null,
        null,
        null,
        1,
        14,
        null,
        null,
        1,
        27,
        null,
        null,
        1,
        7,
        null,
        null,
        1,
        null,
        1,
        209,
        null,
        null
      ],
      "/Users/kosei.nishi/Documents/program/Rudy/private/rails_projects/ruby_study/spec/requests/authentication_pages_spec.rb": [
        1,
        null,
        1,
        18,
        null,
        1,
        11,
        null,
        null,
        1,
        2,
        2,
        2,
        null,
        null,
        1,
        8,
        null,
        8,
        null,
        null,
        2,
        null,
        null,
        null,
        2,
        2,
        2,
        2,
        null,
        2,
        null,
        null,
        1,
        2,
        null,
        2,
        null,
        null,
        null,
        null,
        null,
        1,
        4,
        null,
        1,
        4,
        null,
        2,
        null,
        null,
        2,
        null,
        1,
        2,
        null,
        2,
        null,
        null,
        null,
        null,
        1,
        1,
        6,
        null,
        1,
        1,
        1,
        1,
        null,
        null,
        1,
        1,
        1,
        null,
        null,
        null,
        null,
        1,
        null,
        1,
        2,
        2,
        null,
        null,
        1,
        2,
        2,
        null,
        null,
        null,
        1,
        null,
        1,
        2,
        null,
        2,
        null,
        null,
        1,
        2,
        2,
        null,
        null,
        1,
        2,
        2,
        null,
        null,
        1,
        2,
        2,
        null,
        null,
        1,
        2,
        2,
        null,
        null,
        null,
        1,
        2,
        2,
        null,
        2,
        null,
        1,
        2,
        2,
        null,
        null,
        null,
        1,
        1,
        2,
        2,
        null,
        null,
        1,
        2,
        2,
        null,
        null,
        null,
        null,
        1,
        4,
        4,
        4,
        null,
        1,
        3,
        2,
        2,
        null,
        null,
        1,
        2,
        2,
        null,
        null,
        null,
        null
      ],
      "/Users/kosei.nishi/Documents/program/Rudy/private/rails_projects/ruby_study/spec/requests/message_pages_spec.rb": [
        1,
        null,
        1,
        null,
        3,
        null,
        6,
        6,
        1,
        5,
        null,
        null,
        1,
        2,
        null,
        2,
        null,
        null,
        1,
        1,
        4,
        4,
        4,
        null,
        null,
        1,
        null,
        1,
        2,
        null,
        null,
        1,
        2,
        2,
        null,
        null,
        null,
        1,
        null,
        3,
        1,
        2,
        null,
        null,
        1,
        1,
        2,
        null,
        null,
        null,
        null,
        null
      ],
      "/Users/kosei.nishi/Documents/program/Rudy/private/rails_projects/ruby_study/spec/requests/micropost_pages_spec.rb": [
        1,
        null,
        1,
        null,
        5,
        null,
        8,
        8,
        null,
        1,
        7,
        null,
        1,
        null,
        1,
        2,
        null,
        null,
        1,
        2,
        2,
        null,
        null,
        null,
        1,
        null,
        2,
        1,
        2,
        null,
        null,
        null,
        1,
        2,
        1,
        1,
        1,
        1,
        1,
        1,
        1,
        null,
        null,
        2,
        null,
        null,
        1,
        3,
        1,
        2,
        2,
        null,
        1,
        1,
        2,
        2,
        null,
        1,
        1,
        null,
        null,
        null,
        null,
        null,
        null,
        null,
        null,
        1,
        8,
        8,
        8,
        8,
        null,
        null,
        null,
        1,
        1,
        1,
        2,
        2,
        2,
        2,
        2,
        null,
        null,
        null,
        null,
        null,
        null,
        null,
        1,
        2,
        null,
        1,
        2,
        null,
        1,
        2,
        null,
        null,
        null,
        null
      ],
      "/Users/kosei.nishi/Documents/program/Rudy/private/rails_projects/ruby_study/spec/requests/static_pages_spec.rb": [
        1,
        1,
        12,
        null,
        1,
        8,
        8,
        null,
        null,
        1,
        7,
        2,
        2,
        null,
        2,
        1,
        null,
        null,
        1,
        4,
        1,
        3,
        3,
        3,
        3,
        null,
        null,
        1,
        1,
        2,
        null,
        null,
        null,
        null,
        1,
        3,
        1,
        2,
        2,
        null,
        null,
        2,
        2,
        null,
        null,
        null,
        null,
        1,
        3,
        2,
        2,
        null,
        1,
        null,
        null,
        1,
        3,
        2,
        2,
        null,
        1,
        null,
        null,
        null,
        1,
        3,
        2,
        2,
        null,
        1,
        null,
        null,
        1,
        1,
        1,
        1,
        1,
        1,
        1,
        1,
        1,
        1,
        1,
        1,
        1,
        null,
        null,
        null
      ],
      "/Users/kosei.nishi/Documents/program/Rudy/private/rails_projects/ruby_study/spec/requests/user_pages_spec.rb": [
        1,
        null,
        1,
        36,
        null,
        1,
        9,
        1,
        8,
        8,
        null,
        null,
        2,
        2,
        null,
        1,
        32,
        2,
        null,
        2,
        null,
        1,
        null,
        1,
        30,
        null,
        null,
        null,
        null,
        null,
        1,
        null,
        null,
        2,
        null,
        1,
        4,
        1,
        3,
        3,
        null,
        null,
        2,
        1,
        1,
        null,
        1,
        null,
        null,
        2,
        null,
        null,
        null,
        null,
        null,
        1,
        null,
        12,
        null,
        12,
        null,
        1,
        1,
        2,
        null,
        null,
        null,
        1,
        1,
        5,
        5,
        5,
        5,
        5,
        null,
        null,
        1,
        null,
        2,
        null,
        null,
        1,
        5,
        2,
        null,
        null,
        2,
        2,
        null,
        null,
        2,
        null,
        1,
        2,
        null,
        null,
        2,
        null,
        null,
        null,
        null,
        1,
        6,
        null,
        2,
        2,
        2,
        2,
        2,
        null,
        null,
        null,
        null,
        1,
        11,
        1,
        10,
        10,
        null,
        null,
        1,
        2,
        2,
        2,
        null,
        null,
        1,
        2,
        null,
        2,
        null,
        null,
        1,
        6,
        6,
        1,
        5,
        5,
        5,
        5,
        5,
        null,
        null,
        2,
        2,
        2,
        2,
        2,
        null,
        null,
        1,
        1,
        1,
        null,
        1,
        1,
        1,
        null,
        2,
        null,
        null,
        null,
        1,
        12,
        null,
        12,
        12,
        null,
        12,
        null,
        2,
        2,
        null,
        1,
        2,
        2,
        null,
        null,
        2,
        null,
        null,
        1,
        7,
        7,
        null,
        1,
        4,
        null,
        1,
        1,
        1,
        null,
        null,
        null,
        1,
        1,
        1,
        null,
        null,
        null,
        1,
        2,
        2,
        null,
        null,
        null,
        1,
        1,
        3,
        3,
        null,
        null,
        1,
        1,
        1,
        null,
        null,
        null,
        1,
        1,
        1,
        null,
        null,
        null,
        1,
        2,
        2,
        null,
        null,
        null,
        null,
        null,
        1,
        7,
        7,
        7,
        null,
        1,
        1,
        3,
        3,
        null,
        null,
        2,
        2,
        2,
        null,
        null,
        1,
        1,
        3,
        3,
        null,
        null,
        2,
        2,
        2,
        null,
        null,
        null
      ],
      "/Users/kosei.nishi/Documents/program/Rudy/private/rails_projects/ruby_study/app/controllers/sessions_controller.rb": [
        1,
        1,
        null,
        null,
        1,
        null,
        null,
        61,
        61,
        null,
        58,
        58,
        null,
        null,
        3,
        3,
        null,
        null,
        null,
        1,
        1,
        1,
        null,
        null
      ],
      "/Users/kosei.nishi/Documents/program/Rudy/private/rails_projects/ruby_study/app/controllers/static_pages_controller.rb": [
        1,
        1,
        88,
        77,
        77,
        null,
        null,
        null,
        1,
        null,
        null,
        1,
        null,
        null,
        1,
        null,
        null
      ],
      "/Users/kosei.nishi/Documents/program/Rudy/private/rails_projects/ruby_study/app/controllers/users_controller.rb": [
        1,
        null,
        null,
        1,
        1,
        1,
        1,
        null,
        null,
        1,
        12,
        null,
        null,
        1,
        13,
        null,
        null,
        1,
        33,
        33,
        null,
        33,
        33,
        33,
        33,
        null,
        null,
        0,
        null,
        null,
        null,
        1,
        11,
        11,
        5,
        5,
        5,
        null,
        6,
        null,
        null,
        null,
        1,
        1,
        1,
        1,
        null,
        null,
        1,
        null,
        null,
        1,
        null,
        6,
        null,
        5,
        5,
        null,
        1,
        null,
        null,
        null,
        1,
        3,
        3,
        3,
        3,
        null,
        null,
        1,
        3,
        3,
        3,
        3,
        null,
        null,
        1,
        null,
        null,
        1,
        11,
        null,
        null,
        1,
        6,
        null,
        null,
        1,
        20,
        20,
        null,
        null,
        null,
        1,
        2,
        null,
        null
      ],
      "/Users/kosei.nishi/Documents/program/Rudy/private/rails_projects/ruby_study/app/controllers/microposts_controller.rb": [
        1,
        1,
        1,
        null,
        1,
        6,
        6,
        6,
        4,
        null,
        2,
        null,
        null,
        6,
        null,
        null,
        1,
        1,
        1,
        null,
        null,
        1,
        null,
        1,
        6,
        null,
        null,
        1,
        null,
        1,
        1,
        null,
        null,
        1,
        6,
        2,
        null,
        4,
        4,
        4,
        null,
        null,
        null
      ],
      "/Users/kosei.nishi/Documents/program/Rudy/private/rails_projects/ruby_study/app/controllers/messages_controller.rb": [
        1,
        1,
        1,
        null,
        null,
        1,
        19,
        19,
        19,
        19,
        2,
        2,
        null,
        null,
        null,
        null,
        1,
        3,
        3,
        3,
        3,
        3,
        1,
        null,
        2,
        null,
        3,
        null,
        null,
        1,
        1,
        1,
        1,
        null,
        null,
        1,
        null,
        1,
        null,
        1,
        1,
        null,
        null,
        1,
        6,
        null,
        null
      ]
    },
    "timestamp": 1435919286
  }
}
